21:44:40.644 [main] INFO  - Browser is launched successfully
23:53:18.505 [main] INFO  - Browser is launched successfully
23:53:18.922 [main] INFO  - Values are entered into first name , last name and email Text box
00:06:37.426 [main] INFO  - Browser is launched successfully
00:06:37.859 [main] INFO  - Values are enetered into first name , last name and email Text box
00:09:16.970 [main] INFO  - Browser is launched successfully
00:09:17.403 [main] INFO  - Values are enetered into first name , last name and email Text box
01:26:48.831 [main] INFO  - Browser is launched successfully
01:26:49.240 [main] INFO  - Values are enetered into first name , last name and email Text box
01:37:01.221 [main] INFO  - Browser is launched successfully
01:37:01.664 [main] INFO  - Values are enetered into first name , last name and email Text box
00:07:05.875 [main] INFO  - Browser is launched successfully
00:07:06.277 [main] INFO  - Values are enetered into first name , last name and email Text box
00:07:06.596 [main] INFO  - Gender is enetered successfully on Student form
00:07:06.711 [main] INFO  - phonenumber is enetered successfully on Student form
00:10:08.672 [main] INFO  - Browser is launched successfully
00:10:09.287 [main] INFO  - Values are enetered into first name , last name and email Text box
00:10:09.557 [main] INFO  - Gender is enetered successfully on Student form
00:10:09.710 [main] INFO  - phonenumber is enetered successfully on Student form
00:10:11.145 [main] INFO  - Subject is enetered successfully on Student form
00:10:11.322 [main] INFO  - Hobbies is enetered successfully on Student form
00:10:12.028 [main] INFO  - Date is enetered successfully on Student form
00:10:12.120 [main] INFO  - enteraddress is enetered successfully on Student form
00:10:18.195 [main] INFO  - Image is uploaded successfully on Student form
00:14:51.828 [main] INFO  - Browser is launched successfully
00:14:52.232 [main] INFO  - Values are enetered into first name , last name and email Text box
00:14:52.429 [main] INFO  - Gender is enetered successfully on Student form
00:14:52.652 [main] INFO  - phonenumber is enetered successfully on Student form
00:14:53.955 [main] INFO  - Subject is enetered successfully on Student form
00:14:54.145 [main] INFO  - Hobbies is enetered successfully on Student form
00:14:54.774 [main] INFO  - Date is enetered successfully on Student form
00:14:54.857 [main] INFO  - enteraddress is enetered successfully on Student form
00:15:00.916 [main] INFO  - Image is uploaded successfully on Student form
00:15:01.221 [main] INFO  - State is enetered successfully on Student form
00:15:01.395 [main] INFO  - city is enetered successfully on Student form
00:15:02.584 [main] INFO  - submit is clicked successfully on Student form
00:15:03.774 [main] INFO  - ConfirmRegister is executed successfully on Student form
19:52:57.633 [main] INFO  - Browser is launched successfully
